<?xml version="1.0" encoding="UTF-8"?>
<!-- Generated by org.testng.reporters.JUnitXMLReporter -->
<testsuite ignored="0" hostname="DESKTOP-18BP1P8" failures="1" tests="4" name="Test" time="0.195" errors="0" timestamp="2022-09-07T11:26:09 IST">
  <testcase classname="Test_Classes.Mirafit_Accessories_Test" name="@AfterMethod Screenshots" time="0.011">
    <failure type="java.lang.NullPointerException">
      <![CDATA[java.lang.NullPointerException
at Library_files.Utility.screenshot(Utility.java:27)
at Test_Classes.Mirafit_Accessories_Test.Screenshots(Mirafit_Accessories_Test.java:139)
at java.base/java.util.ArrayList.forEach(ArrayList.java:1541)
at java.base/java.util.concurrent.FutureTask.run(FutureTask.java:264)
at java.base/java.util.concurrent.ThreadPoolExecutor.runWorker(ThreadPoolExecutor.java:1128)
at java.base/java.util.concurrent.ThreadPoolExecutor$Worker.run(ThreadPoolExecutor.java:628)
at java.base/java.lang.Thread.run(Thread.java:834)
... Removed 23 stack frames]]>
    </failure>
  </testcase> <!-- @AfterMethod Screenshots -->
  <testcase classname="Test_Classes.Mirafit_Accessories_Test" name="@AfterMethod Screenshots" time="-1.662530169595E9">
    <skipped/>
  </testcase> <!-- @AfterMethod Screenshots -->
  <testcase classname="Test_Classes.Mirafit_Accessories_Test" name="@AfterMethod Screenshots" time="-1.662530169599E9">
    <skipped/>
  </testcase> <!-- @AfterMethod Screenshots -->
  <testcase classname="Test_Classes.Mirafit_Accessories_Test" name="@AfterMethod Screenshots" time="-1.662530169615E9">
    <skipped/>
  </testcase> <!-- @AfterMethod Screenshots -->
  <testcase classname="Test_Classes.Mirafit_Accessories_Test" name="@AfterClass closeBrowser" time="-1.662530169621E9">
    <skipped/>
  </testcase> <!-- @AfterClass closeBrowser -->
  <testcase classname="Test_Classes.Mirafit_Accessories_Test" name="TC1" time="0.091">
    <failure type="java.lang.IllegalStateException" message="The driver executable must exist: C:\Selenium Softwares\chromedriver_win32\chromedriver.exe">
      <![CDATA[java.lang.IllegalStateException: The driver executable must exist: C:\Selenium Softwares\chromedriver_win32\chromedriver.exe
at org.openqa.selenium.internal.Require$FileStateChecker.isFile(Require.java:342)
at org.openqa.selenium.remote.service.DriverService.checkExecutable(DriverService.java:147)
at org.openqa.selenium.remote.service.DriverService.findExecutable(DriverService.java:142)
at org.openqa.selenium.chrome.ChromeDriverService.access$000(ChromeDriverService.java:38)
at org.openqa.selenium.chrome.ChromeDriverService$Builder.findDefaultExecutable(ChromeDriverService.java:231)
at org.openqa.selenium.remote.service.DriverService$Builder.build(DriverService.java:437)
at org.openqa.selenium.chrome.ChromeDriverService.createDefaultService(ChromeDriverService.java:127)
at org.openqa.selenium.chrome.ChromeDriver.<init>(ChromeDriver.java:48)
at Test_Classes.Mirafit_Accessories_Test.TC1(Mirafit_Accessories_Test.java:42)
at java.base/java.util.ArrayList.forEach(ArrayList.java:1541)
at java.base/java.util.concurrent.FutureTask.run(FutureTask.java:264)
at java.base/java.util.concurrent.ThreadPoolExecutor.runWorker(ThreadPoolExecutor.java:1128)
at java.base/java.util.concurrent.ThreadPoolExecutor$Worker.run(ThreadPoolExecutor.java:628)
at java.base/java.lang.Thread.run(Thread.java:834)
... Removed 18 stack frames]]>
    </failure>
  </testcase> <!-- TC1 -->
  <testcase classname="Test_Classes.Mirafit_Accessories_Test" name="login" time="0.0">
    <skipped/>
  </testcase> <!-- login -->
  <testcase classname="Test_Classes.Mirafit_Accessories_Test" name="Accessories" time="0.0">
    <skipped/>
  </testcase> <!-- Accessories -->
  <testcase classname="Test_Classes.Mirafit_Accessories_Test" name="logout" time="0.0">
    <skipped/>
  </testcase> <!-- logout -->
</testsuite> <!-- Test -->
